Using pre-set license
Built from '2020.3/staging' branch; Version is '2020.3.33f1 (915a7af8b0d5) revision 9525882'; Using compiler version '192528614'; Build Type 'Release'
OS: 'Windows 11  (10.0.22000) 64bit Core' Language: 'en' Physical Memory: 7859 MB
BatchMode: 1, IsHumanControllingUs: 0, StartBugReporterOnCrash: 0, Is64bit: 1, IsPro: 0

COMMAND LINE ARGUMENTS:
C:\Program Files\Unity\Hub\Editor\2020.3.33f1\Editor\Unity.exe
-adb2
-batchMode
-noUpm
-name
AssetImportWorker3
-projectPath
C:/Users/njade/Downloads/My project (1)
-logFile
Logs/AssetImportWorker3.log
-srvPort
50230
Successfully changed project path to: C:/Users/njade/Downloads/My project (1)
C:/Users/njade/Downloads/My project (1)
Using Asset Import Pipeline V2.
Refreshing native plugins compatible for Editor in 32.96 ms, found 2 plugins.
Preloading 0 native plugins for Editor in 0.00 ms.
Initialize engine version: 2020.3.33f1 (915a7af8b0d5)
[Subsystems] Discovering subsystems at path C:/Program Files/Unity/Hub/Editor/2020.3.33f1/Editor/Data/Resources/UnitySubsystems
[Subsystems] Discovering subsystems at path C:/Users/njade/Downloads/My project (1)/Assets
GfxDevice: creating device client; threaded=0
Direct3D:
    Version:  Direct3D 11.0 [level 11.1]
    Renderer: Intel(R) UHD Graphics (ID=0x9a78)
    Vendor:   
    VRAM:     3929 MB
    Driver:   30.0.101.1191
Initialize mono
Mono path[0] = 'C:/Program Files/Unity/Hub/Editor/2020.3.33f1/Editor/Data/Managed'
Mono path[1] = 'C:/Program Files/Unity/Hub/Editor/2020.3.33f1/Editor/Data/MonoBleedingEdge/lib/mono/unityjit'
Mono config path = 'C:/Program Files/Unity/Hub/Editor/2020.3.33f1/Editor/Data/MonoBleedingEdge/etc'
Using monoOptions --debugger-agent=transport=dt_socket,embedding=1,server=y,suspend=n,address=127.0.0.1:56892
Begin MonoManager ReloadAssembly
Registering precompiled unity dll's ...
Register platform support module: C:/Program Files/Unity/Hub/Editor/2020.3.33f1/Editor/Data/PlaybackEngines/WindowsStandaloneSupport/UnityEditor.WindowsStandalone.Extensions.dll
Registered in 0.001729 seconds.
Native extension for WindowsStandalone target not found
Refreshing native plugins compatible for Editor in 31.14 ms, found 2 plugins.
Preloading 0 native plugins for Editor in 0.00 ms.
Mono: successfully reloaded assembly
- Completed reload, in  0.566 seconds
Domain Reload Profiling:
	ReloadAssembly (566ms)
		BeginReloadAssembly (63ms)
			ExecutionOrderSort (0ms)
			DisableScriptedObjects (0ms)
			BackupInstance (0ms)
			ReleaseScriptingObjects (0ms)
			CreateAndSetChildDomain (1ms)
		EndReloadAssembly (429ms)
			LoadAssemblies (61ms)
			RebuildTransferFunctionScriptingTraits (0ms)
			SetupTypeCache (142ms)
			ReleaseScriptCaches (0ms)
			RebuildScriptCaches (27ms)
			SetupLoadedEditorAssemblies (158ms)
				LogAssemblyErrors (0ms)
				InitializePlatformSupportModulesInManaged (7ms)
				SetLoadedEditorAssemblies (0ms)
				RefreshPlugins (31ms)
				BeforeProcessingInitializeOnLoad (7ms)
				ProcessInitializeOnLoadAttributes (82ms)
				ProcessInitializeOnLoadMethodAttributes (30ms)
				AfterProcessingInitializeOnLoad (0ms)
				EditorAssembliesLoaded (0ms)
			ExecutionOrderSort2 (0ms)
			AwakeInstancesAfterBackupRestoration (0ms)
Platform modules already initialized, skipping
Registering precompiled user dll's ...
Registered in 0.002200 seconds.
Begin MonoManager ReloadAssembly
Symbol file LoadedFromMemory doesn't match image C:\Users\njade\Downloads\My project (1)\Library\PackageCache\com.unity.collab-proxy@1.15.15\Lib\Editor\PlasticSCM\unityplastic.dll
Native extension for WindowsStandalone target not found
Refreshing native plugins compatible for Editor in 0.87 ms, found 2 plugins.
Preloading 0 native plugins for Editor in 0.00 ms.
Mono: successfully reloaded assembly
- Completed reload, in  0.877 seconds
Domain Reload Profiling:
	ReloadAssembly (877ms)
		BeginReloadAssembly (129ms)
			ExecutionOrderSort (0ms)
			DisableScriptedObjects (4ms)
			BackupInstance (0ms)
			ReleaseScriptingObjects (0ms)
			CreateAndSetChildDomain (17ms)
		EndReloadAssembly (696ms)
			LoadAssemblies (87ms)
			RebuildTransferFunctionScriptingTraits (0ms)
			SetupTypeCache (237ms)
			ReleaseScriptCaches (0ms)
			RebuildScriptCaches (40ms)
			SetupLoadedEditorAssemblies (265ms)
				LogAssemblyErrors (0ms)
				InitializePlatformSupportModulesInManaged (6ms)
				SetLoadedEditorAssemblies (1ms)
				RefreshPlugins (1ms)
				BeforeProcessingInitializeOnLoad (51ms)
				ProcessInitializeOnLoadAttributes (191ms)
				ProcessInitializeOnLoadMethodAttributes (11ms)
				AfterProcessingInitializeOnLoad (4ms)
				EditorAssembliesLoaded (0ms)
			ExecutionOrderSort2 (0ms)
			AwakeInstancesAfterBackupRestoration (5ms)
Platform modules already initialized, skipping
========================================================================
Worker process is ready to serve import requests
Launched and connected shader compiler UnityShaderCompiler.exe after 0.24 seconds
Refreshing native plugins compatible for Editor in 0.27 ms, found 2 plugins.
Preloading 0 native plugins for Editor in 0.00 ms.
Unloading 1516 Unused Serialized files (Serialized files now loaded: 0)
System memory in use before: 71.0 MB.
System memory in use after: 71.1 MB.

Unloading 16 unused Assets to reduce memory usage. Loaded Objects now: 1958.
Total: 2.488600 ms (FindLiveObjects: 0.097800 ms CreateObjectMapping: 0.026100 ms MarkObjects: 2.295500 ms  DeleteObjects: 0.068200 ms)

AssetImportParameters requested are different than current active one (requested -> active):
  custom:framework-win-MediaFoundation: 216162199b28c13a410421893ffa2e32 -> 
  custom:video-decoder-ogg-theora: a1e56fd34408186e4bbccfd4996cb3dc -> 
  custom:container-muxer-webm: aa71ff27fc2769a1b78a27578f13a17b -> 
  custom:container-demuxer-webm: 4f35f7cbe854078d1ac9338744f61a02 -> 
  custom:container-demuxer-ogg: 62fdf1f143b41e24485cea50d1cbac27 -> 
  custom:video-encoder-webm-vp8: eb34c28f22e8b96e1ab97ce403110664 -> 
  custom:video-decoder-webm-vp8: 9c59270c3fd7afecdb556c50c9e8de78 -> 
  custom:audio-decoder-ogg-vorbis: bf7c407c2cedff20999df2af8eb42d56 -> 
  custom:audio-encoder-webm-vorbis: bf7c407c2cedff20999df2af8eb42d56 -> 
========================================================================
Received Import Request.
  path: Assets/scripts/roomTriggerScript.cs
  artifactKey: Guid(e0bda32a1cdc448d4a6538813f113b46) Importer(815301076,1909f56bfc062723c751e8b465ee728b)
Start importing Assets/scripts/roomTriggerScript.cs using Guid(e0bda32a1cdc448d4a6538813f113b46) Importer(815301076,1909f56bfc062723c751e8b465ee728b)  -> (artifact id: '62e14ee6cd9af6add108c8d0c51ff0b9') in 0.068046 seconds 
========================================================================
Received Import Request.
  Time since last request: 1.381159 seconds.
  path: Assets/scripts/Room.cs
  artifactKey: Guid(14d247a1da1084855bc9569647f66840) Importer(815301076,1909f56bfc062723c751e8b465ee728b)
Start importing Assets/scripts/Room.cs using Guid(14d247a1da1084855bc9569647f66840) Importer(815301076,1909f56bfc062723c751e8b465ee728b)  -> (artifact id: '6855258853350803d6253d6f0fdd21c4') in 0.005722 seconds 
========================================================================
Received Import Request.
  Time since last request: 4.335807 seconds.
  path: Assets/scripts/playerScript.cs
  artifactKey: Guid(d0b77227cde1a44a5b63d52015b1d93b) Importer(815301076,1909f56bfc062723c751e8b465ee728b)
Start importing Assets/scripts/playerScript.cs using Guid(d0b77227cde1a44a5b63d52015b1d93b) Importer(815301076,1909f56bfc062723c751e8b465ee728b)  -> (artifact id: '21bd5d5a37375d04399722c3c92e25dd') in 0.002939 seconds 
========================================================================
Received Import Request.
  Time since last request: 9.290163 seconds.
  path: Assets/scripts/roomScript.cs
  artifactKey: Guid(6cdeb41903825404180cd826c67a5ab4) Importer(815301076,1909f56bfc062723c751e8b465ee728b)
Start importing Assets/scripts/roomScript.cs using Guid(6cdeb41903825404180cd826c67a5ab4) Importer(815301076,1909f56bfc062723c751e8b465ee728b)  -> (artifact id: 'aaec53e94354a362a394a1ea7a0715fe') in 0.005816 seconds 
========================================================================
Received Import Request.
  Time since last request: 34.857167 seconds.
  path: Assets/scripts/CORE.cs
  artifactKey: Guid(94cad1a27773e4d5db900c1f8f9f4d52) Importer(815301076,1909f56bfc062723c751e8b465ee728b)
Start importing Assets/scripts/CORE.cs using Guid(94cad1a27773e4d5db900c1f8f9f4d52) Importer(815301076,1909f56bfc062723c751e8b465ee728b)  -> (artifact id: '69b0a5706febd4b15cb6381cd7ff3286') in 0.002345 seconds 
========================================================================
Received Import Request.
  Time since last request: 46.479977 seconds.
  path: Assets/scripts/Player.cs
  artifactKey: Guid(7b14312a2b74e46e090d35d25dcd744d) Importer(815301076,1909f56bfc062723c751e8b465ee728b)
Start importing Assets/scripts/Player.cs using Guid(7b14312a2b74e46e090d35d25dcd744d) Importer(815301076,1909f56bfc062723c751e8b465ee728b)  -> (artifact id: 'bc8cf8ee13443dfd2a26401f4496026f') in 0.002356 seconds 
